Running: C:\Xilinx\14.7\ISE_DS\ISE\bin\nt64\unwrapped\fuse.exe -intstyle ise -incremental -lib secureip -o C:/Users/Randy/OneDrive/BU/EECE 351/Project/Test_TopLevel_Single_Cycle_isim_beh.exe -prj C:/Users/Randy/OneDrive/BU/EECE 351/Project/Test_TopLevel_Single_Cycle_beh.prj work.Test_TopLevel_Single_Cycle 
ISim P.20131013 (signature 0x7708f090)
Number of CPUs detected in this system: 4
Turning on mult-threading, number of parallel sub-compilation jobs: 8 
Determining compilation order of HDL files
Parsing VHDL file "C:/Users/Randy/OneDrive/BU/EECE 351/Project/Single-Cycle ARM Processor/SingleCycleARMProcessor/Register_File.vhd" into library work
Parsing VHDL file "C:/Users/Randy/OneDrive/BU/EECE 351/Project/Single-Cycle ARM Processor/SingleCycleARMProcessor/Decoder.vhd" into library work
Parsing VHDL file "C:/Users/Randy/OneDrive/BU/EECE 351/Project/Single-Cycle ARM Processor/SingleCycleARMProcessor/Cond_Logic.vhd" into library work
Parsing VHDL file "C:/Users/Randy/OneDrive/BU/EECE 351/Project/Single-Cycle ARM Processor/SingleCycleARMProcessor/ALU.vhd" into library work
Parsing VHDL file "C:/Users/Randy/OneDrive/BU/EECE 351/Project/Single-Cycle ARM Processor/SingleCycleARMProcessor/Datapath.vhd" into library work
Parsing VHDL file "C:/Users/Randy/OneDrive/BU/EECE 351/Project/Single-Cycle ARM Processor/SingleCycleARMProcessor/Controller.vhd" into library work
Parsing VHDL file "C:/Users/Randy/OneDrive/BU/EECE 351/Project/Single-Cycle ARM Processor/SingleCycleARMProcessor/Instruction_Memory.vhd" into library work
Parsing VHDL file "C:/Users/Randy/OneDrive/BU/EECE 351/Project/Single-Cycle ARM Processor/SingleCycleARMProcessor/HEXon7segDisp.vhd" into library work
Parsing VHDL file "C:/Users/Randy/OneDrive/BU/EECE 351/Project/Single-Cycle ARM Processor/SingleCycleARMProcessor/debounce.vhd" into library work
Parsing VHDL file "C:/Users/Randy/OneDrive/BU/EECE 351/Project/Single-Cycle ARM Processor/SingleCycleARMProcessor/Data_Memory.vhd" into library work
Parsing VHDL file "C:/Users/Randy/OneDrive/BU/EECE 351/Project/Single-Cycle ARM Processor/SingleCycleARMProcessor/ARM.vhd" into library work
Parsing VHDL file "C:/Users/Randy/OneDrive/BU/EECE 351/Project/Single-Cycle ARM Processor/SingleCycleARMProcessor/TopLevel_Single_Cycle.vhd" into library work
Parsing VHDL file "C:/Users/Randy/OneDrive/BU/EECE 351/Project/Single-Cycle ARM Processor/SingleCycleARMProcessor/Test_TopLevel_Single_Cycle.vhd" into library work
Starting static elaboration
Completed static elaboration
Compiling package standard
Compiling package std_logic_1164
Compiling package numeric_std
Compiling package textio
Compiling architecture behavioral of entity debounce [\debounce(640000)\]
Compiling architecture behavioral of entity HEXon7segDisp [hexon7segdisp_default]
Compiling architecture behavioral of entity Decoder [decoder_default]
Compiling architecture behavioral of entity Cond_Logic [cond_logic_default]
Compiling architecture behavioral of entity controller [controller_default]
Compiling architecture behaviorial of entity Register_File [\Register_File(32,4)\]
Compiling architecture behavioral of entity ALU [\ALU(32)\]
Compiling architecture behavioral of entity datapath [datapath_default]
Compiling architecture behavioral of entity ARM [arm_default]
Compiling architecture behavioral of entity Instruction_Memory [\Instruction_Memory(32,9)\]
Compiling architecture behavioral of entity Data_Memory [\Data_Memory(32,9)\]
Compiling architecture behavioral of entity TopLevel [\TopLevel(640000)\]
Compiling architecture behavior of entity test_toplevel_single_cycle
Time Resolution for simulation is 1ps.
Waiting for 9 sub-compilation(s) to finish...
WARNING:Simulator - Unable to copy libPortabilityNOSH.dll to the simulation executable directory: boost::filesystem::copy_file: The system cannot find the path specified, "isim\Test_TopLevel_Single_Cycle_isim_beh.exe.sim\libPortability.dll".
Compiled 29 VHDL Units
Built simulation executable C:/Users/Randy/OneDrive/BU/EECE 351/Project/Test_TopLevel_Single_Cycle_isim_beh.exe
Fuse Memory Usage: 37528 KB
Fuse CPU Usage: 890 ms
