ISim log file
Running: C:\Users\Randy\OneDrive\BU\EECE 351\Project\Test_TopLevel_Single_Cycle_isim_beh.exe -intstyle ise -gui -tclbatch isim.cmd -wdb C:/Users/Randy/OneDrive/BU/EECE 351/Project/Test_TopLevel_Single_Cycle_isim_beh.wdb 
ISim P.20131013 (signature 0x7708f090)
WARNING: A WEBPACK license was found.
WARNING: Please use Xilinx License Configuration Manager to check out a full ISim license.
WARNING: ISim will run in Lite mode. Please refer to the ISim documentation for more information on the differences between the Lite and the Full version.
This is a Lite version of ISim.
Time resolution is 1 ps
# onerror resume
# wave add /
# run 1000 ns
Simulator is doing circuit initialization process.
at 0 ps, Instance /test_toplevel_single_cycle/uut/Inst_debounce/ : Warning: NUMERIC_STD."=": metavalue detected, returning FALSE
at 0 ps, Instance /test_toplevel_single_cycle/uut/i_arm/Inst_datapath/Inst_Register_File/ : Warning: NUMERIC_STD.TO_INTEGER: metavalue detected, returning 0
at 0 ps, Instance /test_toplevel_single_cycle/uut/i_arm/Inst_datapath/Inst_Register_File/ : Warning: NUMERIC_STD.TO_INTEGER: metavalue detected, returning 0
at 0 ps, Instance /test_toplevel_single_cycle/uut/i_arm/Inst_datapath/Inst_ALU/ : Warning: NUMERIC_STD."=": metavalue detected, returning FALSE
at 0 ps, Instance /test_toplevel_single_cycle/uut/i_imem/ : Warning: NUMERIC_STD.TO_INTEGER: metavalue detected, returning 0
at 0 ps, Instance /test_toplevel_single_cycle/uut/i_dmem/ : Warning: NUMERIC_STD.TO_INTEGER: metavalue detected, returning 0
Finished circuit initialization process.
at 0 ps, Instance /test_toplevel_single_cycle/uut/i_arm/Inst_datapath/Inst_ALU/ : Warning: NUMERIC_STD."=": metavalue detected, returning FALSE
at 0 ps, Instance /test_toplevel_single_cycle/uut/i_arm/Inst_datapath/Inst_Register_File/ : Warning: NUMERIC_STD.TO_INTEGER: metavalue detected, returning 0
at 0 ps, Instance /test_toplevel_single_cycle/uut/i_arm/Inst_datapath/Inst_ALU/ : Warning: NUMERIC_STD."=": metavalue detected, returning FALSE
at 0 ps, Instance /test_toplevel_single_cycle/uut/i_arm/Inst_datapath/Inst_ALU/ : Warning: NUMERIC_STD."=": metavalue detected, returning FALSE
at 0 ps, Instance /test_toplevel_single_cycle/uut/i_arm/Inst_datapath/Inst_ALU/ : Warning: NUMERIC_STD."=": metavalue detected, returning FALSE
at 0 ps, Instance /test_toplevel_single_cycle/uut/i_arm/Inst_datapath/Inst_ALU/ : Warning: NUMERIC_STD."=": metavalue detected, returning FALSE
# run 11us
